<?xml version="1.0" encoding="UTF-8"?>
<testsuite name="Home Page Test with chrome"
           tests="1"
           failures="1"
           errors="0"
           skipped="0"
           time="0.000">
  <properties />
            <testcase name="terminate" time="0.000" classname="com.cure.softweb.RUN.HomePage">
                <failure type="java.lang.RuntimeException"
                  message="javax.mail.MessagingException: IOException while sending message;
  nested exception is:
	java.io.FileNotFoundException: D:\CURE-2017\caphase3\test-output\htmloverview.html (The system cannot find the file specified)"
              >
<![CDATA[java.lang.RuntimeException: javax.mail.MessagingException: IOException while sending message;
  nested exception is:
	java.io.FileNotFoundException: D:\CURE-2017\caphase3\test-output\htmloverview.html (The system cannot find the file specified)
  emailReports.SendMailSSLWithAttachment.sendTheEmail(SendMailSSLWithAttachment.java:97)
  com.cure.softweb.RUN.HomePage.terminate(HomePage.java:161)
  sun.reflect.NativeMethodAccessorImpl.invoke0(Native Method)
  sun.reflect.NativeMethodAccessorImpl.invoke(Unknown Source)
  sun.reflect.DelegatingMethodAccessorImpl.invoke(Unknown Source)
  java.lang.reflect.Method.invoke(Unknown Source)
  org.testng.internal.MethodInvocationHelper.invokeMethod(MethodInvocationHelper.java:100)
  org.testng.internal.Invoker.invokeConfigurationMethod(Invoker.java:515)
  org.testng.internal.Invoker.invokeConfigurations(Invoker.java:216)
  org.testng.internal.Invoker.invokeConfigurations(Invoker.java:143)
  org.testng.TestRunner.afterRun(TestRunner.java:973)
  org.testng.TestRunner.run(TestRunner.java:604)
  org.testng.SuiteRunner.runTest(SuiteRunner.java:366)
  org.testng.SuiteRunner.runSequentially(SuiteRunner.java:361)
  org.testng.SuiteRunner.privateRun(SuiteRunner.java:319)
  org.testng.SuiteRunner.run(SuiteRunner.java:268)
  org.testng.SuiteRunnerWorker.runSuite(SuiteRunnerWorker.java:52)
  org.testng.SuiteRunnerWorker.run(SuiteRunnerWorker.java:86)
  org.testng.TestNG.runSuitesSequentially(TestNG.java:1264)
  org.testng.TestNG.runSuitesLocally(TestNG.java:1189)
  org.testng.TestNG.runSuites(TestNG.java:1104)
  org.testng.TestNG.run(TestNG.java:1076)
  org.testng.remote.AbstractRemoteTestNG.run(AbstractRemoteTestNG.java:126)
  org.testng.remote.RemoteTestNG.initAndRun(RemoteTestNG.java:152)
  org.testng.remote.RemoteTestNG.main(RemoteTestNG.java:57)
Caused by: javax.mail.MessagingException: IOException while sending message;
  nested exception is:
	java.io.FileNotFoundException: D:\CURE-2017\caphase3\test-output\htmloverview.html (The system cannot find the file specified)
  com.sun.mail.smtp.SMTPTransport.sendMessage(SMTPTransport.java:1244)
  javax.mail.Transport.send0(Transport.java:254)
  javax.mail.Transport.send(Transport.java:124)
  emailReports.SendMailSSLWithAttachment.sendTheEmail(SendMailSSLWithAttachment.java:89)
  com.cure.softweb.RUN.HomePage.terminate(HomePage.java:161)
  sun.reflect.NativeMethodAccessorImpl.invoke0(Native Method)
  sun.reflect.NativeMethodAccessorImpl.invoke(Unknown Source)
  sun.reflect.DelegatingMethodAccessorImpl.invoke(Unknown Source)
  java.lang.reflect.Method.invoke(Unknown Source)
  org.testng.internal.MethodInvocationHelper.invokeMethod(MethodInvocationHelper.java:100)
  org.testng.internal.Invoker.invokeConfigurationMethod(Invoker.java:515)
  org.testng.internal.Invoker.invokeConfigurations(Invoker.java:216)
  org.testng.internal.Invoker.invokeConfigurations(Invoker.java:143)
  org.testng.TestRunner.afterRun(TestRunner.java:973)
  org.testng.TestRunner.run(TestRunner.java:604)
  org.testng.SuiteRunner.runTest(SuiteRunner.java:366)
  org.testng.SuiteRunner.runSequentially(SuiteRunner.java:361)
  org.testng.SuiteRunner.privateRun(SuiteRunner.java:319)
  org.testng.SuiteRunner.run(SuiteRunner.java:268)
  org.testng.SuiteRunnerWorker.runSuite(SuiteRunnerWorker.java:52)
  org.testng.SuiteRunnerWorker.run(SuiteRunnerWorker.java:86)
  org.testng.TestNG.runSuitesSequentially(TestNG.java:1264)
  org.testng.TestNG.runSuitesLocally(TestNG.java:1189)
  org.testng.TestNG.runSuites(TestNG.java:1104)
  org.testng.TestNG.run(TestNG.java:1076)
  org.testng.remote.AbstractRemoteTestNG.run(AbstractRemoteTestNG.java:126)
  org.testng.remote.RemoteTestNG.initAndRun(RemoteTestNG.java:152)
  org.testng.remote.RemoteTestNG.main(RemoteTestNG.java:57)
Caused by: java.io.FileNotFoundException: D:\CURE-2017\caphase3\test-output\htmloverview.html (The system cannot find the file specified)
  java.io.FileInputStream.open0(Native Method)
  java.io.FileInputStream.open(Unknown Source)
  java.io.FileInputStream.<init>(Unknown Source)
  javax.activation.FileDataSource.getInputStream(Unknown Source)
  javax.activation.DataHandler.writeTo(Unknown Source)
  javax.mail.internet.MimeBodyPart.writeTo(MimeBodyPart.java:1608)
  javax.mail.internet.MimeBodyPart.writeTo(MimeBodyPart.java:961)
  javax.mail.internet.MimeMultipart.writeTo(MimeMultipart.java:553)
  com.sun.mail.handlers.multipart_mixed.writeTo(multipart_mixed.java:103)
  javax.activation.ObjectDataContentHandler.writeTo(Unknown Source)
  javax.activation.DataHandler.writeTo(Unknown Source)
  javax.mail.internet.MimeBodyPart.writeTo(MimeBodyPart.java:1608)
  javax.mail.internet.MimeMessage.writeTo(MimeMessage.java:1849)
  com.sun.mail.smtp.SMTPTransport.sendMessage(SMTPTransport.java:1196)
  javax.mail.Transport.send0(Transport.java:254)
  javax.mail.Transport.send(Transport.java:124)
  emailReports.SendMailSSLWithAttachment.sendTheEmail(SendMailSSLWithAttachment.java:89)
  com.cure.softweb.RUN.HomePage.terminate(HomePage.java:161)
  sun.reflect.NativeMethodAccessorImpl.invoke0(Native Method)
  sun.reflect.NativeMethodAccessorImpl.invoke(Unknown Source)
  sun.reflect.DelegatingMethodAccessorImpl.invoke(Unknown Source)
  java.lang.reflect.Method.invoke(Unknown Source)
  org.testng.internal.MethodInvocationHelper.invokeMethod(MethodInvocationHelper.java:100)
  org.testng.internal.Invoker.invokeConfigurationMethod(Invoker.java:515)
  org.testng.internal.Invoker.invokeConfigurations(Invoker.java:216)
  org.testng.internal.Invoker.invokeConfigurations(Invoker.java:143)
  org.testng.TestRunner.afterRun(TestRunner.java:973)
  org.testng.TestRunner.run(TestRunner.java:604)
  org.testng.SuiteRunner.runTest(SuiteRunner.java:366)
  org.testng.SuiteRunner.runSequentially(SuiteRunner.java:361)
  org.testng.SuiteRunner.privateRun(SuiteRunner.java:319)
  org.testng.SuiteRunner.run(SuiteRunner.java:268)
  org.testng.SuiteRunnerWorker.runSuite(SuiteRunnerWorker.java:52)
  org.testng.SuiteRunnerWorker.run(SuiteRunnerWorker.java:86)
  org.testng.TestNG.runSuitesSequentially(TestNG.java:1264)
  org.testng.TestNG.runSuitesLocally(TestNG.java:1189)
  org.testng.TestNG.runSuites(TestNG.java:1104)
  org.testng.TestNG.run(TestNG.java:1076)
  org.testng.remote.AbstractRemoteTestNG.run(AbstractRemoteTestNG.java:126)
  org.testng.remote.RemoteTestNG.initAndRun(RemoteTestNG.java:152)
  org.testng.remote.RemoteTestNG.main(RemoteTestNG.java:57)
]]>
      </failure>

          </testcase>
  
  
  
</testsuite>
