<?xml version="1.0" encoding="UTF-8"?>
<!-- Generated by org.testng.reporters.JUnitXMLReporter -->
<testsuite hostname="PC4155" name="Home Page Test with chrome" tests="5" failures="3" timestamp="28 Jun 2017 12:05:56 GMT" time="148.626" errors="0">
  <testcase name="login" time="14.481" classname="com.cure.softweb.RUN.HomePage">
    <failure type="java.io.IOException" message="The system cannot find the path specified">
      <![CDATA[java.io.IOException: The system cannot find the path specified
	at java.io.WinNTFileSystem.createFileExclusively(Native Method)
	at java.io.File.createNewFile(Unknown Source)
	at customreports.Reports.updateResult(Reports.java:34)
	at com.cure.softweb.RUN.HomePage.login(HomePage.java:55)
... Removed 25 stack frames]]>
    </failure>
  </testcase> <!-- login -->
  <testcase name="createsp1" time="26.516" classname="com.cure.softweb.RUN.HomePage">
    <failure type="java.io.IOException" message="The system cannot find the path specified">
      <![CDATA[java.io.IOException: The system cannot find the path specified
	at java.io.WinNTFileSystem.createFileExclusively(Native Method)
	at java.io.File.createNewFile(Unknown Source)
	at customreports.Reports.updateResult(Reports.java:34)
	at com.cure.softweb.RUN.HomePage.createsp1(HomePage.java:70)
... Removed 25 stack frames]]>
    </failure>
  </testcase> <!-- createsp1 -->
  <testcase name="createsp2" time="1.926" classname="com.cure.softweb.RUN.HomePage">
    <failure type="java.io.IOException" message="The system cannot find the path specified">
      <![CDATA[java.io.IOException: The system cannot find the path specified
	at java.io.WinNTFileSystem.createFileExclusively(Native Method)
	at java.io.File.createNewFile(Unknown Source)
	at customreports.Reports.updateResult(Reports.java:34)
	at com.cure.softweb.RUN.HomePage.createsp2(HomePage.java:83)
... Removed 25 stack frames]]>
    </failure>
  </testcase> <!-- createsp2 -->
  <testcase name="createsp3" time="3.482" classname="com.cure.softweb.RUN.HomePage"/>
  <testcase name="createsp4" time="14.633" classname="com.cure.softweb.RUN.HomePage"/>
</testsuite> <!-- Home Page Test with chrome -->
