<html>
<head>
<title>TestNG:  Home Page Test with chrome</title>
<link href="../testng.css" rel="stylesheet" type="text/css" />
<link href="../my-testng.css" rel="stylesheet" type="text/css" />

<style type="text/css">
.log { display: none;} 
.stack-trace { display: none;} 
</style>
<script type="text/javascript">
<!--
function flip(e) {
  current = e.style.display;
  if (current == 'block') {
    e.style.display = 'none';
    return 0;
  }
  else {
    e.style.display = 'block';
    return 1;
  }
}

function toggleBox(szDivId, elem, msg1, msg2)
{
  var res = -1;  if (document.getElementById) {
    res = flip(document.getElementById(szDivId));
  }
  else if (document.all) {
    // this is the way old msie versions work
    res = flip(document.all[szDivId]);
  }
  if(elem) {
    if(res == 0) elem.innerHTML = msg1; else elem.innerHTML = msg2;
  }

}

function toggleAllBoxes() {
  if (document.getElementsByTagName) {
    d = document.getElementsByTagName('div');
    for (i = 0; i < d.length; i++) {
      if (d[i].className == 'log') {
        flip(d[i]);
      }
    }
  }
}

// -->
</script>

</head>
<body>
<h2 align='center'>Home Page Test with chrome</h2><table border='1' align="center">
<tr>
<td>Tests passed/Failed/Skipped:</td><td>2/3/0</td>
</tr><tr>
<td>Started on:</td><td>Wed Jun 28 17:33:27 IST 2017</td>
</tr>
<tr><td>Total time:</td><td>148 seconds (148626 ms)</td>
</tr><tr>
<td>Included groups:</td><td></td>
</tr><tr>
<td>Excluded groups:</td><td></td>
</tr>
</table><p/>
<small><i>(Hover the method name to see the test class name)</i></small><p/>
<table width='100%' border='1' class='invocation-failed'>
<tr><td colspan='4' align='center'><b>FAILED TESTS</b></td></tr>
<tr><td><b>Test method</b></td>
<td width="30%"><b>Exception</b></td>
<td width="10%"><b>Time (seconds)</b></td>
<td><b>Instance</b></td>
</tr>
<tr>
<td title='com.cure.softweb.RUN.HomePage.createsp1()'><b>createsp1</b><br>Test class: com.cure.softweb.RUN.HomePage<br>Parameters: Special testing proposal, Special testing proposal, Lorem Ipsum is simply dummy text of the printing and typesetting industry. Lorem Ipsum has been the industry's standard dummy text ever since the 1500s, when an unknown printer took a galley of type and scrambled it to make a type specimen book. It has survived not only five centuries, but also the leap into electronic typesetting, remaining essentially unchanged. It was popularised in the 1960s with the release of Letraset sheets containing Lorem Ipsum passages, and more recently with desktop publishing software like Aldus PageMaker including versions of Lorem Ipsum., BISWAJIT, MIKE SHINODA, CALIFORNIA UNIVERSITY, Gastrointestinal, Chorditis, Test the background, aromatherapy<br/>
<a href="#Output-1078566479" onClick='toggleBox("Output-1078566479", this, "Show output", "Hide output");'>Show output</a>

<a href="#Output-1078566479" onClick="toggleAllBoxes();">Show all outputs</a>
<div class='log' id="Output-1078566479">
<a href='D:\CURE-2017\caphase3\CAFailed\screenshots\failure_screenshots\createsp1_28_06_2017_05_35_35.png'> <img src='D:\CURE-2017\caphase3\CAFailed\screenshots\failure_screenshots\createsp1_28_06_2017_05_35_35.png' height='100' width='100'/> </a><br/>
</div>
</td>
<td><div><pre>java.io.IOException: The system cannot find the path specified
	at java.io.WinNTFileSystem.createFileExclusively(Native Method)
	at java.io.File.createNewFile(Unknown Source)
	at customreports.Reports.updateResult(Reports.java:34)
	at com.cure.softweb.RUN.HomePage.createsp1(HomePage.java:70)
... Removed 25 stack frames</pre></div><a href='#' onClick='toggleBox("stack-trace1078566479", this, "Click to show all stack frames", "Click to hide stack frames")'>Click to show all stack frames</a>
<div class='stack-trace' id='stack-trace1078566479'><pre>java.io.IOException: The system cannot find the path specified
	at java.io.WinNTFileSystem.createFileExclusively(Native Method)
	at java.io.File.createNewFile(Unknown Source)
	at customreports.Reports.updateResult(Reports.java:34)
	at com.cure.softweb.RUN.HomePage.createsp1(HomePage.java:70)
	at sun.reflect.NativeMethodAccessorImpl.invoke0(Native Method)
	at sun.reflect.NativeMethodAccessorImpl.invoke(Unknown Source)
	at sun.reflect.DelegatingMethodAccessorImpl.invoke(Unknown Source)
	at java.lang.reflect.Method.invoke(Unknown Source)
	at org.testng.internal.MethodInvocationHelper.invokeMethod(MethodInvocationHelper.java:100)
	at org.testng.internal.Invoker.invokeMethod(Invoker.java:646)
	at org.testng.internal.Invoker.invokeTestMethod(Invoker.java:811)
	at org.testng.internal.Invoker.invokeTestMethods(Invoker.java:1129)
	at org.testng.internal.TestMethodWorker.invokeTestMethods(TestMethodWorker.java:129)
	at org.testng.internal.TestMethodWorker.run(TestMethodWorker.java:112)
	at org.testng.TestRunner.privateRun(TestRunner.java:746)
	at org.testng.TestRunner.run(TestRunner.java:600)
	at org.testng.SuiteRunner.runTest(SuiteRunner.java:366)
	at org.testng.SuiteRunner.runSequentially(SuiteRunner.java:361)
	at org.testng.SuiteRunner.privateRun(SuiteRunner.java:319)
	at org.testng.SuiteRunner.run(SuiteRunner.java:268)
	at org.testng.SuiteRunnerWorker.runSuite(SuiteRunnerWorker.java:52)
	at org.testng.SuiteRunnerWorker.run(SuiteRunnerWorker.java:86)
	at org.testng.TestNG.runSuitesSequentially(TestNG.java:1264)
	at org.testng.TestNG.runSuitesLocally(TestNG.java:1189)
	at org.testng.TestNG.runSuites(TestNG.java:1104)
	at org.testng.TestNG.run(TestNG.java:1076)
	at org.testng.remote.AbstractRemoteTestNG.run(AbstractRemoteTestNG.java:126)
	at org.testng.remote.RemoteTestNG.initAndRun(RemoteTestNG.java:152)
	at org.testng.remote.RemoteTestNG.main(RemoteTestNG.java:57)
</pre></div></td>
<td>26</td>
<td>com.cure.softweb.RUN.HomePage@10bdf5e5</td></tr>
<tr>
<td title='com.cure.softweb.RUN.HomePage.createsp2()'><b>createsp2</b><br>Test class: com.cure.softweb.RUN.HomePage<br>Parameters: 1000.0, 2000.0, 119994, 6000, 0.0, 47250, 0.0, 126756<br/>
<a href="#Output-999647352" onClick='toggleBox("Output-999647352", this, "Show output", "Hide output");'>Show output</a>

<a href="#Output-999647352" onClick="toggleAllBoxes();">Show all outputs</a>
<div class='log' id="Output-999647352">
<a href='D:\CURE-2017\caphase3\CAFailed\screenshots\failure_screenshots\createsp2_28_06_2017_05_35_37.png'> <img src='D:\CURE-2017\caphase3\CAFailed\screenshots\failure_screenshots\createsp2_28_06_2017_05_35_37.png' height='100' width='100'/> </a><br/>
</div>
</td>
<td><div><pre>java.io.IOException: The system cannot find the path specified
	at java.io.WinNTFileSystem.createFileExclusively(Native Method)
	at java.io.File.createNewFile(Unknown Source)
	at customreports.Reports.updateResult(Reports.java:34)
	at com.cure.softweb.RUN.HomePage.createsp2(HomePage.java:83)
... Removed 25 stack frames</pre></div><a href='#' onClick='toggleBox("stack-trace999647352", this, "Click to show all stack frames", "Click to hide stack frames")'>Click to show all stack frames</a>
<div class='stack-trace' id='stack-trace999647352'><pre>java.io.IOException: The system cannot find the path specified
	at java.io.WinNTFileSystem.createFileExclusively(Native Method)
	at java.io.File.createNewFile(Unknown Source)
	at customreports.Reports.updateResult(Reports.java:34)
	at com.cure.softweb.RUN.HomePage.createsp2(HomePage.java:83)
	at sun.reflect.NativeMethodAccessorImpl.invoke0(Native Method)
	at sun.reflect.NativeMethodAccessorImpl.invoke(Unknown Source)
	at sun.reflect.DelegatingMethodAccessorImpl.invoke(Unknown Source)
	at java.lang.reflect.Method.invoke(Unknown Source)
	at org.testng.internal.MethodInvocationHelper.invokeMethod(MethodInvocationHelper.java:100)
	at org.testng.internal.Invoker.invokeMethod(Invoker.java:646)
	at org.testng.internal.Invoker.invokeTestMethod(Invoker.java:811)
	at org.testng.internal.Invoker.invokeTestMethods(Invoker.java:1129)
	at org.testng.internal.TestMethodWorker.invokeTestMethods(TestMethodWorker.java:129)
	at org.testng.internal.TestMethodWorker.run(TestMethodWorker.java:112)
	at org.testng.TestRunner.privateRun(TestRunner.java:746)
	at org.testng.TestRunner.run(TestRunner.java:600)
	at org.testng.SuiteRunner.runTest(SuiteRunner.java:366)
	at org.testng.SuiteRunner.runSequentially(SuiteRunner.java:361)
	at org.testng.SuiteRunner.privateRun(SuiteRunner.java:319)
	at org.testng.SuiteRunner.run(SuiteRunner.java:268)
	at org.testng.SuiteRunnerWorker.runSuite(SuiteRunnerWorker.java:52)
	at org.testng.SuiteRunnerWorker.run(SuiteRunnerWorker.java:86)
	at org.testng.TestNG.runSuitesSequentially(TestNG.java:1264)
	at org.testng.TestNG.runSuitesLocally(TestNG.java:1189)
	at org.testng.TestNG.runSuites(TestNG.java:1104)
	at org.testng.TestNG.run(TestNG.java:1076)
	at org.testng.remote.AbstractRemoteTestNG.run(AbstractRemoteTestNG.java:126)
	at org.testng.remote.RemoteTestNG.initAndRun(RemoteTestNG.java:152)
	at org.testng.remote.RemoteTestNG.main(RemoteTestNG.java:57)
</pre></div></td>
<td>1</td>
<td>com.cure.softweb.RUN.HomePage@10bdf5e5</td></tr>
<tr>
<td title='com.cure.softweb.RUN.HomePage.login()'><b>login</b><br>Test class: com.cure.softweb.RUN.HomePage<br>Parameters: bsoftwebsolutions, testing!123<br/>
<a href="#Output-882471736" onClick='toggleBox("Output-882471736", this, "Show output", "Hide output");'>Show output</a>

<a href="#Output-882471736" onClick="toggleAllBoxes();">Show all outputs</a>
<div class='log' id="Output-882471736">
<a href='D:\CURE-2017\caphase3\CAFailed\screenshots\failure_screenshots\login_28_06_2017_05_35_08.png'> <img src='D:\CURE-2017\caphase3\CAFailed\screenshots\failure_screenshots\login_28_06_2017_05_35_08.png' height='100' width='100'/> </a><br/>
</div>
</td>
<td><div><pre>java.io.IOException: The system cannot find the path specified
	at java.io.WinNTFileSystem.createFileExclusively(Native Method)
	at java.io.File.createNewFile(Unknown Source)
	at customreports.Reports.updateResult(Reports.java:34)
	at com.cure.softweb.RUN.HomePage.login(HomePage.java:55)
... Removed 25 stack frames</pre></div><a href='#' onClick='toggleBox("stack-trace882471736", this, "Click to show all stack frames", "Click to hide stack frames")'>Click to show all stack frames</a>
<div class='stack-trace' id='stack-trace882471736'><pre>java.io.IOException: The system cannot find the path specified
	at java.io.WinNTFileSystem.createFileExclusively(Native Method)
	at java.io.File.createNewFile(Unknown Source)
	at customreports.Reports.updateResult(Reports.java:34)
	at com.cure.softweb.RUN.HomePage.login(HomePage.java:55)
	at sun.reflect.NativeMethodAccessorImpl.invoke0(Native Method)
	at sun.reflect.NativeMethodAccessorImpl.invoke(Unknown Source)
	at sun.reflect.DelegatingMethodAccessorImpl.invoke(Unknown Source)
	at java.lang.reflect.Method.invoke(Unknown Source)
	at org.testng.internal.MethodInvocationHelper.invokeMethod(MethodInvocationHelper.java:100)
	at org.testng.internal.Invoker.invokeMethod(Invoker.java:646)
	at org.testng.internal.Invoker.invokeTestMethod(Invoker.java:811)
	at org.testng.internal.Invoker.invokeTestMethods(Invoker.java:1129)
	at org.testng.internal.TestMethodWorker.invokeTestMethods(TestMethodWorker.java:129)
	at org.testng.internal.TestMethodWorker.run(TestMethodWorker.java:112)
	at org.testng.TestRunner.privateRun(TestRunner.java:746)
	at org.testng.TestRunner.run(TestRunner.java:600)
	at org.testng.SuiteRunner.runTest(SuiteRunner.java:366)
	at org.testng.SuiteRunner.runSequentially(SuiteRunner.java:361)
	at org.testng.SuiteRunner.privateRun(SuiteRunner.java:319)
	at org.testng.SuiteRunner.run(SuiteRunner.java:268)
	at org.testng.SuiteRunnerWorker.runSuite(SuiteRunnerWorker.java:52)
	at org.testng.SuiteRunnerWorker.run(SuiteRunnerWorker.java:86)
	at org.testng.TestNG.runSuitesSequentially(TestNG.java:1264)
	at org.testng.TestNG.runSuitesLocally(TestNG.java:1189)
	at org.testng.TestNG.runSuites(TestNG.java:1104)
	at org.testng.TestNG.run(TestNG.java:1076)
	at org.testng.remote.AbstractRemoteTestNG.run(AbstractRemoteTestNG.java:126)
	at org.testng.remote.RemoteTestNG.initAndRun(RemoteTestNG.java:152)
	at org.testng.remote.RemoteTestNG.main(RemoteTestNG.java:57)
</pre></div></td>
<td>14</td>
<td>com.cure.softweb.RUN.HomePage@10bdf5e5</td></tr>
</table><p>
<table width='100%' border='1' class='invocation-passed'>
<tr><td colspan='4' align='center'><b>PASSED TESTS</b></td></tr>
<tr><td><b>Test method</b></td>
<td width="30%"><b>Exception</b></td>
<td width="10%"><b>Time (seconds)</b></td>
<td><b>Instance</b></td>
</tr>
<tr>
<td title='com.cure.softweb.RUN.HomePage.createsp3()'><b>createsp3</b><br>Test class: com.cure.softweb.RUN.HomePage<br>Parameters: Testing the estimated prevalance section, Testing Current treatment, 25966.0, 35255.0</td>
<td></td>
<td>3</td>
<td>com.cure.softweb.RUN.HomePage@10bdf5e5</td></tr>
<tr>
<td title='com.cure.softweb.RUN.HomePage.createsp4()'><b>createsp4</b><br>Test class: com.cure.softweb.RUN.HomePage<br>Parameters: 11.0, 12.0, 110.0, 100.0, Testing concers, Testing health, Testing healthcare, C:\Users\Biswajit.Ghosh\Desktop\Test_Data\TEST DATA UPLOAD\Sample Files\Files\MSWord\Sample MSWord file -1.docx, C:\Users\Biswajit.Ghosh\Desktop\Test_Data\TEST DATA UPLOAD\Sample Files\Files\MSWord\Sample MSWord file -2.docx, C:\Users\Biswajit.Ghosh\Desktop\Test_Data\TEST DATA UPLOAD\Sample Files\Files\MSWord\Sample MSWord file -3.docx, C:\Users\Biswajit.Ghosh\Desktop\Test_Data\TEST DATA UPLOAD\Sample Files\Files\MSWord\Sample MSWord file -5.docx</td>
<td></td>
<td>14</td>
<td>com.cure.softweb.RUN.HomePage@10bdf5e5</td></tr>
</table><p>
</body>
</html>